  pch.cpp
  ChargePngFile.cpp
  Espace3UC.cpp
  Image.cpp
  ImageUtils.cpp
  PngFile.cpp
  adler32.c
  compress.c
  crc32.c
  deflate.c
  gzio.c
  infback.c
  inffast.c
  inflate.c
  inftrees.c
  png.c
  pngerror.c
  pngget.c
  pngmem.c
  pngpread.c
  pngread.c
  pngrio.c
  pngrtran.c
  pngrutil.c
  pngset.c
  pngtrans.c
  Compilation en cours...
  pngwio.c
  pngwrite.c
  pngwtran.c
  pngwutil.c
  trees.c
  uncompr.c
  zutil.c
  LibTexture.vcxproj -> C:\Users\trist\Source\Repos\Titled-Goose-Game\Projet\Release\LibTexture.lib
